Building DAG of jobs...
Using shell: /bin/bash
Provided cores: 4
Rules claiming more threads will be scaled down.
Job counts:
	count	jobs
	1	All
	1	Plot
	2

[Wed Mar  4 11:48:42 2020]
rule Plot:
    input: all.cmp, all.cmp.labels.txt
    output: all.cmp.hist.png, all.cmp.dendro.png, all.cmp.matrix.png
    jobid: 3

[Wed Mar  4 11:48:45 2020]
Finished job 3.
1 of 2 steps (50%) done

[Wed Mar  4 11:48:45 2020]
localrule All:
    input: 1.fa.gz.sig, all.cmp, all.cmp.matrix.png
    jobid: 0

[Wed Mar  4 11:48:45 2020]
Finished job 0.
2 of 2 steps (100%) done
Complete log: /Users/carlbasbas/GGG298-Week-6/.snakemake/log/2020-03-04T114842.842065.snakemake.log
